<?xml version="1.0" encoding="UTF-8"?>
<testng-results ignored="0" total="113" passed="113" failed="0" skipped="0">
  <reporter-output>
  </reporter-output>
  <suite started-at="2023-11-27T10:50:59 CST" name="Suite" finished-at="2023-11-27T10:53:38 CST" duration-ms="159049">
    <groups>
      <group name="cucumber">
        <method signature="AbstractTestNGCucumberTests.runScenario(io.cucumber.testng.PickleWrapper,io.cucumber.testng.FeatureWrapper)[pri:0, instance:runner.testRunner@7a675056]" name="runScenario" class="io.cucumber.testng.AbstractTestNGCucumberTests"/>
      </group> <!-- cucumber -->
    </groups>
    <test started-at="2023-11-27T10:50:59 CST" name="TestChrome" finished-at="2023-11-27T10:53:38 CST" duration-ms="159049">
      <class name="runner.testRunner">
        <test-method is-config="true" signature="defineBrowser(java.lang.String)[pri:0, instance:runner.testRunner@7a675056]" started-at="2023-11-27T10:50:59 CST" name="defineBrowser" finished-at="2023-11-27T10:50:59 CST" duration-ms="21" status="PASS">
          <params>
            <param index="0">
              <value>
                <![CDATA[chrome]]>
              </value>
            </param>
          </params>
          <reporter-output>
          </reporter-output>
        </test-method> <!-- defineBrowser -->
        <test-method is-config="true" signature="setUpClass(org.testng.ITestContext)[pri:0, instance:runner.testRunner@7a675056]" started-at="2023-11-27T10:50:59 CST" name="setUpClass" finished-at="2023-11-27T10:51:00 CST" duration-ms="1532" status="PASS">
          <params>
            <param index="0">
              <value>
                <![CDATA[org.testng.TestRunner@56c72fff]]>
              </value>
            </param>
          </params>
          <reporter-output>
          </reporter-output>
        </test-method> <!-- setUpClass -->
        <test-method signature="runScenario(io.cucumber.testng.PickleWrapper,io.cucumber.testng.FeatureWrapper)[pri:0, instance:runner.testRunner@7a675056]" started-at="2023-11-27T10:51:00 CST" name="runScenario" description="Runs Cucumber Scenarios" data-provider="scenarios" finished-at="2023-11-27T10:51:05 CST" duration-ms="4595" status="PASS">
          <params>
            <param index="0">
              <value>
                <![CDATA["User clicks and gets into DS page and gets into time complexity page"]]>
              </value>
            </param>
            <param index="1">
              <value>
                <![CDATA["Handling datastructure options"]]>
              </value>
            </param>
          </params>
          <reporter-output>
          </reporter-output>
        </test-method> <!-- runScenario -->
        <test-method signature="runScenario(io.cucumber.testng.PickleWrapper,io.cucumber.testng.FeatureWrapper)[pri:0, instance:runner.testRunner@7a675056]" started-at="2023-11-27T10:51:05 CST" name="runScenario" description="Runs Cucumber Scenarios" data-provider="scenarios" finished-at="2023-11-27T10:51:06 CST" duration-ms="782" status="PASS">
          <params>
            <param index="0">
              <value>
                <![CDATA["User redirected to try me page to run code"]]>
              </value>
            </param>
            <param index="1">
              <value>
                <![CDATA["Handling datastructure options"]]>
              </value>
            </param>
          </params>
          <reporter-output>
          </reporter-output>
        </test-method> <!-- runScenario -->
        <test-method signature="runScenario(io.cucumber.testng.PickleWrapper,io.cucumber.testng.FeatureWrapper)[pri:0, instance:runner.testRunner@7a675056]" started-at="2023-11-27T10:51:06 CST" name="runScenario" description="Runs Cucumber Scenarios" data-provider="scenarios" finished-at="2023-11-27T10:51:08 CST" duration-ms="2436" status="PASS">
          <params>
            <param index="0">
              <value>
                <![CDATA["User redirected to try me page to run invalid code"]]>
              </value>
            </param>
            <param index="1">
              <value>
                <![CDATA["Handling datastructure options"]]>
              </value>
            </param>
          </params>
          <reporter-output>
          </reporter-output>
        </test-method> <!-- runScenario -->
        <test-method signature="runScenario(io.cucumber.testng.PickleWrapper,io.cucumber.testng.FeatureWrapper)[pri:0, instance:runner.testRunner@7a675056]" started-at="2023-11-27T10:51:08 CST" name="runScenario" description="Runs Cucumber Scenarios" data-provider="scenarios" finished-at="2023-11-27T10:51:10 CST" duration-ms="2091" status="PASS">
          <params>
            <param index="0">
              <value>
                <![CDATA["User redirected to try me page to run python code"]]>
              </value>
            </param>
            <param index="1">
              <value>
                <![CDATA["Handling datastructure options"]]>
              </value>
            </param>
          </params>
          <reporter-output>
          </reporter-output>
        </test-method> <!-- runScenario -->
        <test-method signature="runScenario(io.cucumber.testng.PickleWrapper,io.cucumber.testng.FeatureWrapper)[pri:0, instance:runner.testRunner@7a675056]" started-at="2023-11-27T10:51:10 CST" name="runScenario" description="Runs Cucumber Scenarios" data-provider="scenarios" finished-at="2023-11-27T10:51:11 CST" duration-ms="959" status="PASS">
          <params>
            <param index="0">
              <value>
                <![CDATA["User clicks on Practice Question page and return to TC page"]]>
              </value>
            </param>
            <param index="1">
              <value>
                <![CDATA["Handling datastructure options"]]>
              </value>
            </param>
          </params>
          <reporter-output>
          </reporter-output>
        </test-method> <!-- runScenario -->
        <test-method signature="runScenario(io.cucumber.testng.PickleWrapper,io.cucumber.testng.FeatureWrapper)[pri:0, instance:runner.testRunner@7a675056]" started-at="2023-11-27T10:51:11 CST" name="runScenario" description="Runs Cucumber Scenarios" data-provider="scenarios" finished-at="2023-11-27T10:51:14 CST" duration-ms="3004" status="PASS">
          <params>
            <param index="0">
              <value>
                <![CDATA["User clicks and gets into Linked List page"]]>
              </value>
            </param>
            <param index="1">
              <value>
                <![CDATA["Handling Linkedlist options"]]>
              </value>
            </param>
          </params>
          <reporter-output>
          </reporter-output>
        </test-method> <!-- runScenario -->
        <test-method signature="runScenario(io.cucumber.testng.PickleWrapper,io.cucumber.testng.FeatureWrapper)[pri:0, instance:runner.testRunner@7a675056]" started-at="2023-11-27T10:51:14 CST" name="runScenario" description="Runs Cucumber Scenarios" data-provider="scenarios" finished-at="2023-11-27T10:51:15 CST" duration-ms="1056" status="PASS">
          <params>
            <param index="0">
              <value>
                <![CDATA["User gets into Introduction page and uses the try me button"]]>
              </value>
            </param>
            <param index="1">
              <value>
                <![CDATA["Handling Linkedlist options"]]>
              </value>
            </param>
          </params>
          <reporter-output>
          </reporter-output>
        </test-method> <!-- runScenario -->
        <test-method signature="runScenario(io.cucumber.testng.PickleWrapper,io.cucumber.testng.FeatureWrapper)[pri:0, instance:runner.testRunner@7a675056]" started-at="2023-11-27T10:51:15 CST" name="runScenario" description="Runs Cucumber Scenarios" data-provider="scenarios" finished-at="2023-11-27T10:51:18 CST" duration-ms="2322" status="PASS">
          <params>
            <param index="0">
              <value>
                <![CDATA["User redirected to try me page to run invalid code"]]>
              </value>
            </param>
            <param index="1">
              <value>
                <![CDATA["Handling Linkedlist options"]]>
              </value>
            </param>
          </params>
          <reporter-output>
          </reporter-output>
        </test-method> <!-- runScenario -->
        <test-method signature="runScenario(io.cucumber.testng.PickleWrapper,io.cucumber.testng.FeatureWrapper)[pri:0, instance:runner.testRunner@7a675056]" started-at="2023-11-27T10:51:18 CST" name="runScenario" description="Runs Cucumber Scenarios" data-provider="scenarios" finished-at="2023-11-27T10:51:20 CST" duration-ms="2060" status="PASS">
          <params>
            <param index="0">
              <value>
                <![CDATA["User redirected to try me page to run python code"]]>
              </value>
            </param>
            <param index="1">
              <value>
                <![CDATA["Handling Linkedlist options"]]>
              </value>
            </param>
          </params>
          <reporter-output>
          </reporter-output>
        </test-method> <!-- runScenario -->
        <test-method signature="runScenario(io.cucumber.testng.PickleWrapper,io.cucumber.testng.FeatureWrapper)[pri:0, instance:runner.testRunner@7a675056]" started-at="2023-11-27T10:51:20 CST" name="runScenario" description="Runs Cucumber Scenarios" data-provider="scenarios" finished-at="2023-11-27T10:51:20 CST" duration-ms="640" status="PASS">
          <params>
            <param index="0">
              <value>
                <![CDATA["User gets into Creating linked list page and uses the try me button"]]>
              </value>
            </param>
            <param index="1">
              <value>
                <![CDATA["Handling Linkedlist options"]]>
              </value>
            </param>
          </params>
          <reporter-output>
          </reporter-output>
        </test-method> <!-- runScenario -->
        <test-method signature="runScenario(io.cucumber.testng.PickleWrapper,io.cucumber.testng.FeatureWrapper)[pri:0, instance:runner.testRunner@7a675056]" started-at="2023-11-27T10:51:20 CST" name="runScenario" description="Runs Cucumber Scenarios" data-provider="scenarios" finished-at="2023-11-27T10:51:23 CST" duration-ms="2274" status="PASS">
          <params>
            <param index="0">
              <value>
                <![CDATA["User redirected to try me page to run invalid code"]]>
              </value>
            </param>
            <param index="1">
              <value>
                <![CDATA["Handling Linkedlist options"]]>
              </value>
            </param>
          </params>
          <reporter-output>
          </reporter-output>
        </test-method> <!-- runScenario -->
        <test-method signature="runScenario(io.cucumber.testng.PickleWrapper,io.cucumber.testng.FeatureWrapper)[pri:0, instance:runner.testRunner@7a675056]" started-at="2023-11-27T10:51:23 CST" name="runScenario" description="Runs Cucumber Scenarios" data-provider="scenarios" finished-at="2023-11-27T10:51:25 CST" duration-ms="2019" status="PASS">
          <params>
            <param index="0">
              <value>
                <![CDATA["User redirected to try me page to run python code"]]>
              </value>
            </param>
            <param index="1">
              <value>
                <![CDATA["Handling Linkedlist options"]]>
              </value>
            </param>
          </params>
          <reporter-output>
          </reporter-output>
        </test-method> <!-- runScenario -->
        <test-method signature="runScenario(io.cucumber.testng.PickleWrapper,io.cucumber.testng.FeatureWrapper)[pri:0, instance:runner.testRunner@7a675056]" started-at="2023-11-27T10:51:25 CST" name="runScenario" description="Runs Cucumber Scenarios" data-provider="scenarios" finished-at="2023-11-27T10:51:25 CST" duration-ms="783" status="PASS">
          <params>
            <param index="0">
              <value>
                <![CDATA["User gets into Types of Linked List page and uses the try me button"]]>
              </value>
            </param>
            <param index="1">
              <value>
                <![CDATA["Handling Linkedlist options"]]>
              </value>
            </param>
          </params>
          <reporter-output>
          </reporter-output>
        </test-method> <!-- runScenario -->
        <test-method signature="runScenario(io.cucumber.testng.PickleWrapper,io.cucumber.testng.FeatureWrapper)[pri:0, instance:runner.testRunner@7a675056]" started-at="2023-11-27T10:51:25 CST" name="runScenario" description="Runs Cucumber Scenarios" data-provider="scenarios" finished-at="2023-11-27T10:51:28 CST" duration-ms="2272" status="PASS">
          <params>
            <param index="0">
              <value>
                <![CDATA["User redirected to try me page to run invalid code"]]>
              </value>
            </param>
            <param index="1">
              <value>
                <![CDATA["Handling Linkedlist options"]]>
              </value>
            </param>
          </params>
          <reporter-output>
          </reporter-output>
        </test-method> <!-- runScenario -->
        <test-method signature="runScenario(io.cucumber.testng.PickleWrapper,io.cucumber.testng.FeatureWrapper)[pri:0, instance:runner.testRunner@7a675056]" started-at="2023-11-27T10:51:28 CST" name="runScenario" description="Runs Cucumber Scenarios" data-provider="scenarios" finished-at="2023-11-27T10:51:30 CST" duration-ms="2313" status="PASS">
          <params>
            <param index="0">
              <value>
                <![CDATA["User redirected to try me page to run python code"]]>
              </value>
            </param>
            <param index="1">
              <value>
                <![CDATA["Handling Linkedlist options"]]>
              </value>
            </param>
          </params>
          <reporter-output>
          </reporter-output>
        </test-method> <!-- runScenario -->
        <test-method signature="runScenario(io.cucumber.testng.PickleWrapper,io.cucumber.testng.FeatureWrapper)[pri:0, instance:runner.testRunner@7a675056]" started-at="2023-11-27T10:51:30 CST" name="runScenario" description="Runs Cucumber Scenarios" data-provider="scenarios" finished-at="2023-11-27T10:51:31 CST" duration-ms="895" status="PASS">
          <params>
            <param index="0">
              <value>
                <![CDATA["User gets into Implement Linked List page and uses the try me button"]]>
              </value>
            </param>
            <param index="1">
              <value>
                <![CDATA["Handling Linkedlist options"]]>
              </value>
            </param>
          </params>
          <reporter-output>
          </reporter-output>
        </test-method> <!-- runScenario -->
        <test-method signature="runScenario(io.cucumber.testng.PickleWrapper,io.cucumber.testng.FeatureWrapper)[pri:0, instance:runner.testRunner@7a675056]" started-at="2023-11-27T10:51:31 CST" name="runScenario" description="Runs Cucumber Scenarios" data-provider="scenarios" finished-at="2023-11-27T10:51:33 CST" duration-ms="2434" status="PASS">
          <params>
            <param index="0">
              <value>
                <![CDATA["User redirected to try me page to run invalid code"]]>
              </value>
            </param>
            <param index="1">
              <value>
                <![CDATA["Handling Linkedlist options"]]>
              </value>
            </param>
          </params>
          <reporter-output>
          </reporter-output>
        </test-method> <!-- runScenario -->
        <test-method signature="runScenario(io.cucumber.testng.PickleWrapper,io.cucumber.testng.FeatureWrapper)[pri:0, instance:runner.testRunner@7a675056]" started-at="2023-11-27T10:51:33 CST" name="runScenario" description="Runs Cucumber Scenarios" data-provider="scenarios" finished-at="2023-11-27T10:51:35 CST" duration-ms="2085" status="PASS">
          <params>
            <param index="0">
              <value>
                <![CDATA["User redirected to try me page to run python code"]]>
              </value>
            </param>
            <param index="1">
              <value>
                <![CDATA["Handling Linkedlist options"]]>
              </value>
            </param>
          </params>
          <reporter-output>
          </reporter-output>
        </test-method> <!-- runScenario -->
        <test-method signature="runScenario(io.cucumber.testng.PickleWrapper,io.cucumber.testng.FeatureWrapper)[pri:0, instance:runner.testRunner@7a675056]" started-at="2023-11-27T10:51:35 CST" name="runScenario" description="Runs Cucumber Scenarios" data-provider="scenarios" finished-at="2023-11-27T10:51:36 CST" duration-ms="631" status="PASS">
          <params>
            <param index="0">
              <value>
                <![CDATA["User gets into Traversal page and uses the try me button"]]>
              </value>
            </param>
            <param index="1">
              <value>
                <![CDATA["Handling Linkedlist options"]]>
              </value>
            </param>
          </params>
          <reporter-output>
          </reporter-output>
        </test-method> <!-- runScenario -->
        <test-method signature="runScenario(io.cucumber.testng.PickleWrapper,io.cucumber.testng.FeatureWrapper)[pri:0, instance:runner.testRunner@7a675056]" started-at="2023-11-27T10:51:36 CST" name="runScenario" description="Runs Cucumber Scenarios" data-provider="scenarios" finished-at="2023-11-27T10:51:38 CST" duration-ms="2300" status="PASS">
          <params>
            <param index="0">
              <value>
                <![CDATA["User redirected to try me page to run invalid code"]]>
              </value>
            </param>
            <param index="1">
              <value>
                <![CDATA["Handling Linkedlist options"]]>
              </value>
            </param>
          </params>
          <reporter-output>
          </reporter-output>
        </test-method> <!-- runScenario -->
        <test-method signature="runScenario(io.cucumber.testng.PickleWrapper,io.cucumber.testng.FeatureWrapper)[pri:0, instance:runner.testRunner@7a675056]" started-at="2023-11-27T10:51:38 CST" name="runScenario" description="Runs Cucumber Scenarios" data-provider="scenarios" finished-at="2023-11-27T10:51:40 CST" duration-ms="1988" status="PASS">
          <params>
            <param index="0">
              <value>
                <![CDATA["User redirected to try me page to run python code"]]>
              </value>
            </param>
            <param index="1">
              <value>
                <![CDATA["Handling Linkedlist options"]]>
              </value>
            </param>
          </params>
          <reporter-output>
          </reporter-output>
        </test-method> <!-- runScenario -->
        <test-method signature="runScenario(io.cucumber.testng.PickleWrapper,io.cucumber.testng.FeatureWrapper)[pri:0, instance:runner.testRunner@7a675056]" started-at="2023-11-27T10:51:40 CST" name="runScenario" description="Runs Cucumber Scenarios" data-provider="scenarios" finished-at="2023-11-27T10:51:41 CST" duration-ms="694" status="PASS">
          <params>
            <param index="0">
              <value>
                <![CDATA["User gets into Insertion page and uses the try me button"]]>
              </value>
            </param>
            <param index="1">
              <value>
                <![CDATA["Handling Linkedlist options"]]>
              </value>
            </param>
          </params>
          <reporter-output>
          </reporter-output>
        </test-method> <!-- runScenario -->
        <test-method signature="runScenario(io.cucumber.testng.PickleWrapper,io.cucumber.testng.FeatureWrapper)[pri:0, instance:runner.testRunner@7a675056]" started-at="2023-11-27T10:51:41 CST" name="runScenario" description="Runs Cucumber Scenarios" data-provider="scenarios" finished-at="2023-11-27T10:51:43 CST" duration-ms="2264" status="PASS">
          <params>
            <param index="0">
              <value>
                <![CDATA["User redirected to try me page to run invalid code"]]>
              </value>
            </param>
            <param index="1">
              <value>
                <![CDATA["Handling Linkedlist options"]]>
              </value>
            </param>
          </params>
          <reporter-output>
          </reporter-output>
        </test-method> <!-- runScenario -->
        <test-method signature="runScenario(io.cucumber.testng.PickleWrapper,io.cucumber.testng.FeatureWrapper)[pri:0, instance:runner.testRunner@7a675056]" started-at="2023-11-27T10:51:43 CST" name="runScenario" description="Runs Cucumber Scenarios" data-provider="scenarios" finished-at="2023-11-27T10:51:45 CST" duration-ms="2075" status="PASS">
          <params>
            <param index="0">
              <value>
                <![CDATA["User redirected to try me page to run python code"]]>
              </value>
            </param>
            <param index="1">
              <value>
                <![CDATA["Handling Linkedlist options"]]>
              </value>
            </param>
          </params>
          <reporter-output>
          </reporter-output>
        </test-method> <!-- runScenario -->
        <test-method signature="runScenario(io.cucumber.testng.PickleWrapper,io.cucumber.testng.FeatureWrapper)[pri:0, instance:runner.testRunner@7a675056]" started-at="2023-11-27T10:51:45 CST" name="runScenario" description="Runs Cucumber Scenarios" data-provider="scenarios" finished-at="2023-11-27T10:51:46 CST" duration-ms="698" status="PASS">
          <params>
            <param index="0">
              <value>
                <![CDATA["User gets into Deletion page and uses the try me button"]]>
              </value>
            </param>
            <param index="1">
              <value>
                <![CDATA["Handling Linkedlist options"]]>
              </value>
            </param>
          </params>
          <reporter-output>
          </reporter-output>
        </test-method> <!-- runScenario -->
        <test-method signature="runScenario(io.cucumber.testng.PickleWrapper,io.cucumber.testng.FeatureWrapper)[pri:0, instance:runner.testRunner@7a675056]" started-at="2023-11-27T10:51:46 CST" name="runScenario" description="Runs Cucumber Scenarios" data-provider="scenarios" finished-at="2023-11-27T10:51:49 CST" duration-ms="2362" status="PASS">
          <params>
            <param index="0">
              <value>
                <![CDATA["User redirected to try me page to run invalid code"]]>
              </value>
            </param>
            <param index="1">
              <value>
                <![CDATA["Handling Linkedlist options"]]>
              </value>
            </param>
          </params>
          <reporter-output>
          </reporter-output>
        </test-method> <!-- runScenario -->
        <test-method signature="runScenario(io.cucumber.testng.PickleWrapper,io.cucumber.testng.FeatureWrapper)[pri:0, instance:runner.testRunner@7a675056]" started-at="2023-11-27T10:51:49 CST" name="runScenario" description="Runs Cucumber Scenarios" data-provider="scenarios" finished-at="2023-11-27T10:51:51 CST" duration-ms="2044" status="PASS">
          <params>
            <param index="0">
              <value>
                <![CDATA["User redirected to try me page to run python code"]]>
              </value>
            </param>
            <param index="1">
              <value>
                <![CDATA["Handling Linkedlist options"]]>
              </value>
            </param>
          </params>
          <reporter-output>
          </reporter-output>
        </test-method> <!-- runScenario -->
        <test-method signature="runScenario(io.cucumber.testng.PickleWrapper,io.cucumber.testng.FeatureWrapper)[pri:0, instance:runner.testRunner@7a675056]" started-at="2023-11-27T10:51:51 CST" name="runScenario" description="Runs Cucumber Scenarios" data-provider="scenarios" finished-at="2023-11-27T10:51:51 CST" duration-ms="793" status="PASS">
          <params>
            <param index="0">
              <value>
                <![CDATA["User gets into Practice question page and signs out"]]>
              </value>
            </param>
            <param index="1">
              <value>
                <![CDATA["Handling Linkedlist options"]]>
              </value>
            </param>
          </params>
          <reporter-output>
          </reporter-output>
        </test-method> <!-- runScenario -->
        <test-method signature="runScenario(io.cucumber.testng.PickleWrapper,io.cucumber.testng.FeatureWrapper)[pri:0, instance:runner.testRunner@7a675056]" started-at="2023-11-27T10:51:51 CST" name="runScenario" description="Runs Cucumber Scenarios" data-provider="scenarios" finished-at="2023-11-27T10:51:55 CST" duration-ms="3307" status="PASS">
          <params>
            <param index="0">
              <value>
                <![CDATA["User gets into Implementation of queue from the queue page"]]>
              </value>
            </param>
            <param index="1">
              <value>
                <![CDATA["Handling queue options"]]>
              </value>
            </param>
          </params>
          <reporter-output>
          </reporter-output>
        </test-method> <!-- runScenario -->
        <test-method signature="runScenario(io.cucumber.testng.PickleWrapper,io.cucumber.testng.FeatureWrapper)[pri:0, instance:runner.testRunner@7a675056]" started-at="2023-11-27T10:51:55 CST" name="runScenario" description="Runs Cucumber Scenarios" data-provider="scenarios" finished-at="2023-11-27T10:51:55 CST" duration-ms="724" status="PASS">
          <params>
            <param index="0">
              <value>
                <![CDATA["User redirected to try me page to run code"]]>
              </value>
            </param>
            <param index="1">
              <value>
                <![CDATA["Handling queue options"]]>
              </value>
            </param>
          </params>
          <reporter-output>
          </reporter-output>
        </test-method> <!-- runScenario -->
        <test-method signature="runScenario(io.cucumber.testng.PickleWrapper,io.cucumber.testng.FeatureWrapper)[pri:0, instance:runner.testRunner@7a675056]" started-at="2023-11-27T10:51:55 CST" name="runScenario" description="Runs Cucumber Scenarios" data-provider="scenarios" finished-at="2023-11-27T10:52:00 CST" duration-ms="4478" status="PASS">
          <params>
            <param index="0">
              <value>
                <![CDATA["User redirected to try me page to run invalid code"]]>
              </value>
            </param>
            <param index="1">
              <value>
                <![CDATA["Handling queue options"]]>
              </value>
            </param>
          </params>
          <reporter-output>
          </reporter-output>
        </test-method> <!-- runScenario -->
        <test-method signature="runScenario(io.cucumber.testng.PickleWrapper,io.cucumber.testng.FeatureWrapper)[pri:0, instance:runner.testRunner@7a675056]" started-at="2023-11-27T10:52:00 CST" name="runScenario" description="Runs Cucumber Scenarios" data-provider="scenarios" finished-at="2023-11-27T10:52:02 CST" duration-ms="2063" status="PASS">
          <params>
            <param index="0">
              <value>
                <![CDATA["User redirected to try me page to run python code"]]>
              </value>
            </param>
            <param index="1">
              <value>
                <![CDATA["Handling queue options"]]>
              </value>
            </param>
          </params>
          <reporter-output>
          </reporter-output>
        </test-method> <!-- runScenario -->
        <test-method signature="runScenario(io.cucumber.testng.PickleWrapper,io.cucumber.testng.FeatureWrapper)[pri:0, instance:runner.testRunner@7a675056]" started-at="2023-11-27T10:52:02 CST" name="runScenario" description="Runs Cucumber Scenarios" data-provider="scenarios" finished-at="2023-11-27T10:52:03 CST" duration-ms="667" status="PASS">
          <params>
            <param index="0">
              <value>
                <![CDATA["User gets into Implementation using collections.deque page and uses the try me button"]]>
              </value>
            </param>
            <param index="1">
              <value>
                <![CDATA["Handling queue options"]]>
              </value>
            </param>
          </params>
          <reporter-output>
          </reporter-output>
        </test-method> <!-- runScenario -->
        <test-method signature="runScenario(io.cucumber.testng.PickleWrapper,io.cucumber.testng.FeatureWrapper)[pri:0, instance:runner.testRunner@7a675056]" started-at="2023-11-27T10:52:03 CST" name="runScenario" description="Runs Cucumber Scenarios" data-provider="scenarios" finished-at="2023-11-27T10:52:05 CST" duration-ms="2694" status="PASS">
          <params>
            <param index="0">
              <value>
                <![CDATA["User redirected to try me page to run invalid code"]]>
              </value>
            </param>
            <param index="1">
              <value>
                <![CDATA["Handling queue options"]]>
              </value>
            </param>
          </params>
          <reporter-output>
          </reporter-output>
        </test-method> <!-- runScenario -->
        <test-method signature="runScenario(io.cucumber.testng.PickleWrapper,io.cucumber.testng.FeatureWrapper)[pri:0, instance:runner.testRunner@7a675056]" started-at="2023-11-27T10:52:05 CST" name="runScenario" description="Runs Cucumber Scenarios" data-provider="scenarios" finished-at="2023-11-27T10:52:07 CST" duration-ms="2047" status="PASS">
          <params>
            <param index="0">
              <value>
                <![CDATA["User redirected to try me page to run python code"]]>
              </value>
            </param>
            <param index="1">
              <value>
                <![CDATA["Handling queue options"]]>
              </value>
            </param>
          </params>
          <reporter-output>
          </reporter-output>
        </test-method> <!-- runScenario -->
        <test-method signature="runScenario(io.cucumber.testng.PickleWrapper,io.cucumber.testng.FeatureWrapper)[pri:0, instance:runner.testRunner@7a675056]" started-at="2023-11-27T10:52:07 CST" name="runScenario" description="Runs Cucumber Scenarios" data-provider="scenarios" finished-at="2023-11-27T10:52:08 CST" duration-ms="630" status="PASS">
          <params>
            <param index="0">
              <value>
                <![CDATA["User gets into Implementation using array page and uses the try me button"]]>
              </value>
            </param>
            <param index="1">
              <value>
                <![CDATA["Handling queue options"]]>
              </value>
            </param>
          </params>
          <reporter-output>
          </reporter-output>
        </test-method> <!-- runScenario -->
        <test-method signature="runScenario(io.cucumber.testng.PickleWrapper,io.cucumber.testng.FeatureWrapper)[pri:0, instance:runner.testRunner@7a675056]" started-at="2023-11-27T10:52:08 CST" name="runScenario" description="Runs Cucumber Scenarios" data-provider="scenarios" finished-at="2023-11-27T10:52:11 CST" duration-ms="2952" status="PASS">
          <params>
            <param index="0">
              <value>
                <![CDATA["User redirected to try me page to run invalid code"]]>
              </value>
            </param>
            <param index="1">
              <value>
                <![CDATA["Handling queue options"]]>
              </value>
            </param>
          </params>
          <reporter-output>
          </reporter-output>
        </test-method> <!-- runScenario -->
        <test-method signature="runScenario(io.cucumber.testng.PickleWrapper,io.cucumber.testng.FeatureWrapper)[pri:0, instance:runner.testRunner@7a675056]" started-at="2023-11-27T10:52:11 CST" name="runScenario" description="Runs Cucumber Scenarios" data-provider="scenarios" finished-at="2023-11-27T10:52:13 CST" duration-ms="2379" status="PASS">
          <params>
            <param index="0">
              <value>
                <![CDATA["User redirected to try me page to run python code"]]>
              </value>
            </param>
            <param index="1">
              <value>
                <![CDATA["Handling queue options"]]>
              </value>
            </param>
          </params>
          <reporter-output>
          </reporter-output>
        </test-method> <!-- runScenario -->
        <test-method signature="runScenario(io.cucumber.testng.PickleWrapper,io.cucumber.testng.FeatureWrapper)[pri:0, instance:runner.testRunner@7a675056]" started-at="2023-11-27T10:52:13 CST" name="runScenario" description="Runs Cucumber Scenarios" data-provider="scenarios" finished-at="2023-11-27T10:52:14 CST" duration-ms="783" status="PASS">
          <params>
            <param index="0">
              <value>
                <![CDATA["User gets into Queue Operations page and uses the try me button"]]>
              </value>
            </param>
            <param index="1">
              <value>
                <![CDATA["Handling queue options"]]>
              </value>
            </param>
          </params>
          <reporter-output>
          </reporter-output>
        </test-method> <!-- runScenario -->
        <test-method signature="runScenario(io.cucumber.testng.PickleWrapper,io.cucumber.testng.FeatureWrapper)[pri:0, instance:runner.testRunner@7a675056]" started-at="2023-11-27T10:52:14 CST" name="runScenario" description="Runs Cucumber Scenarios" data-provider="scenarios" finished-at="2023-11-27T10:52:17 CST" duration-ms="2684" status="PASS">
          <params>
            <param index="0">
              <value>
                <![CDATA["User redirected to try me page to run invalid code"]]>
              </value>
            </param>
            <param index="1">
              <value>
                <![CDATA["Handling queue options"]]>
              </value>
            </param>
          </params>
          <reporter-output>
          </reporter-output>
        </test-method> <!-- runScenario -->
        <test-method signature="runScenario(io.cucumber.testng.PickleWrapper,io.cucumber.testng.FeatureWrapper)[pri:0, instance:runner.testRunner@7a675056]" started-at="2023-11-27T10:52:17 CST" name="runScenario" description="Runs Cucumber Scenarios" data-provider="scenarios" finished-at="2023-11-27T10:52:19 CST" duration-ms="2053" status="PASS">
          <params>
            <param index="0">
              <value>
                <![CDATA["User redirected to try me page to run python code"]]>
              </value>
            </param>
            <param index="1">
              <value>
                <![CDATA["Handling queue options"]]>
              </value>
            </param>
          </params>
          <reporter-output>
          </reporter-output>
        </test-method> <!-- runScenario -->
        <test-method signature="runScenario(io.cucumber.testng.PickleWrapper,io.cucumber.testng.FeatureWrapper)[pri:0, instance:runner.testRunner@7a675056]" started-at="2023-11-27T10:52:19 CST" name="runScenario" description="Runs Cucumber Scenarios" data-provider="scenarios" finished-at="2023-11-27T10:52:20 CST" duration-ms="814" status="PASS">
          <params>
            <param index="0">
              <value>
                <![CDATA["User gets into Practice question page and signs out"]]>
              </value>
            </param>
            <param index="1">
              <value>
                <![CDATA["Handling queue options"]]>
              </value>
            </param>
          </params>
          <reporter-output>
          </reporter-output>
        </test-method> <!-- runScenario -->
        <test-method signature="runScenario(io.cucumber.testng.PickleWrapper,io.cucumber.testng.FeatureWrapper)[pri:0, instance:runner.testRunner@7a675056]" started-at="2023-11-27T10:52:20 CST" name="runScenario" description="Runs Cucumber Scenarios" data-provider="scenarios" finished-at="2023-11-27T10:52:22 CST" duration-ms="2432" status="PASS">
          <params>
            <param index="0">
              <value>
                <![CDATA["User on login page and login with invalid username and invalid passowrd"]]>
              </value>
            </param>
            <param index="1">
              <value>
                <![CDATA["Sign In feature"]]>
              </value>
            </param>
          </params>
          <reporter-output>
          </reporter-output>
        </test-method> <!-- runScenario -->
        <test-method signature="runScenario(io.cucumber.testng.PickleWrapper,io.cucumber.testng.FeatureWrapper)[pri:0, instance:runner.testRunner@7a675056]" started-at="2023-11-27T10:52:22 CST" name="runScenario" description="Runs Cucumber Scenarios" data-provider="scenarios" finished-at="2023-11-27T10:52:23 CST" duration-ms="600" status="PASS">
          <params>
            <param index="0">
              <value>
                <![CDATA["User on login page and login with invalid username and invalid passowrd"]]>
              </value>
            </param>
            <param index="1">
              <value>
                <![CDATA["Sign In feature"]]>
              </value>
            </param>
          </params>
          <reporter-output>
          </reporter-output>
        </test-method> <!-- runScenario -->
        <test-method signature="runScenario(io.cucumber.testng.PickleWrapper,io.cucumber.testng.FeatureWrapper)[pri:0, instance:runner.testRunner@7a675056]" started-at="2023-11-27T10:52:23 CST" name="runScenario" description="Runs Cucumber Scenarios" data-provider="scenarios" finished-at="2023-11-27T10:52:23 CST" duration-ms="413" status="PASS">
          <params>
            <param index="0">
              <value>
                <![CDATA["User on login page and username passowrd are blank"]]>
              </value>
            </param>
            <param index="1">
              <value>
                <![CDATA["Sign In feature"]]>
              </value>
            </param>
          </params>
          <reporter-output>
          </reporter-output>
        </test-method> <!-- runScenario -->
        <test-method signature="runScenario(io.cucumber.testng.PickleWrapper,io.cucumber.testng.FeatureWrapper)[pri:0, instance:runner.testRunner@7a675056]" started-at="2023-11-27T10:52:23 CST" name="runScenario" description="Runs Cucumber Scenarios" data-provider="scenarios" finished-at="2023-11-27T10:52:24 CST" duration-ms="471" status="PASS">
          <params>
            <param index="0">
              <value>
                <![CDATA["User on login page and username passowrd are blank"]]>
              </value>
            </param>
            <param index="1">
              <value>
                <![CDATA["Sign In feature"]]>
              </value>
            </param>
          </params>
          <reporter-output>
          </reporter-output>
        </test-method> <!-- runScenario -->
        <test-method signature="runScenario(io.cucumber.testng.PickleWrapper,io.cucumber.testng.FeatureWrapper)[pri:0, instance:runner.testRunner@7a675056]" started-at="2023-11-27T10:52:24 CST" name="runScenario" description="Runs Cucumber Scenarios" data-provider="scenarios" finished-at="2023-11-27T10:52:25 CST" duration-ms="1134" status="PASS">
          <params>
            <param index="0">
              <value>
                <![CDATA["User on login page and login with valid username and valid password"]]>
              </value>
            </param>
            <param index="1">
              <value>
                <![CDATA["Sign In feature"]]>
              </value>
            </param>
          </params>
          <reporter-output>
          </reporter-output>
        </test-method> <!-- runScenario -->
        <test-method signature="runScenario(io.cucumber.testng.PickleWrapper,io.cucumber.testng.FeatureWrapper)[pri:0, instance:runner.testRunner@7a675056]" started-at="2023-11-27T10:52:25 CST" name="runScenario" description="Runs Cucumber Scenarios" data-provider="scenarios" finished-at="2023-11-27T10:52:27 CST" duration-ms="2755" status="PASS">
          <params>
            <param index="0">
              <value>
                <![CDATA["The user opens DS Algo portal link"]]>
              </value>
            </param>
            <param index="1">
              <value>
                <![CDATA["Handling Ds Algo Portal Page"]]>
              </value>
            </param>
          </params>
          <reporter-output>
          </reporter-output>
        </test-method> <!-- runScenario -->
        <test-method signature="runScenario(io.cucumber.testng.PickleWrapper,io.cucumber.testng.FeatureWrapper)[pri:0, instance:runner.testRunner@7a675056]" started-at="2023-11-27T10:52:27 CST" name="runScenario" description="Runs Cucumber Scenarios" data-provider="scenarios" finished-at="2023-11-27T10:52:28 CST" duration-ms="459" status="PASS">
          <params>
            <param index="0">
              <value>
                <![CDATA["The user open Data Structures Option1"]]>
              </value>
            </param>
            <param index="1">
              <value>
                <![CDATA["Handling Ds Algo Portal Page"]]>
              </value>
            </param>
          </params>
          <reporter-output>
          </reporter-output>
        </test-method> <!-- runScenario -->
        <test-method signature="runScenario(io.cucumber.testng.PickleWrapper,io.cucumber.testng.FeatureWrapper)[pri:0, instance:runner.testRunner@7a675056]" started-at="2023-11-27T10:52:28 CST" name="runScenario" description="Runs Cucumber Scenarios" data-provider="scenarios" finished-at="2023-11-27T10:52:28 CST" duration-ms="493" status="PASS">
          <params>
            <param index="0">
              <value>
                <![CDATA["The user open Data Structures Option2"]]>
              </value>
            </param>
            <param index="1">
              <value>
                <![CDATA["Handling Ds Algo Portal Page"]]>
              </value>
            </param>
          </params>
          <reporter-output>
          </reporter-output>
        </test-method> <!-- runScenario -->
        <test-method signature="runScenario(io.cucumber.testng.PickleWrapper,io.cucumber.testng.FeatureWrapper)[pri:0, instance:runner.testRunner@7a675056]" started-at="2023-11-27T10:52:28 CST" name="runScenario" description="Runs Cucumber Scenarios" data-provider="scenarios" finished-at="2023-11-27T10:52:29 CST" duration-ms="481" status="PASS">
          <params>
            <param index="0">
              <value>
                <![CDATA["The user open Data Structures Option3"]]>
              </value>
            </param>
            <param index="1">
              <value>
                <![CDATA["Handling Ds Algo Portal Page"]]>
              </value>
            </param>
          </params>
          <reporter-output>
          </reporter-output>
        </test-method> <!-- runScenario -->
        <test-method signature="runScenario(io.cucumber.testng.PickleWrapper,io.cucumber.testng.FeatureWrapper)[pri:0, instance:runner.testRunner@7a675056]" started-at="2023-11-27T10:52:29 CST" name="runScenario" description="Runs Cucumber Scenarios" data-provider="scenarios" finished-at="2023-11-27T10:52:29 CST" duration-ms="439" status="PASS">
          <params>
            <param index="0">
              <value>
                <![CDATA["The user open Data Structures Option4"]]>
              </value>
            </param>
            <param index="1">
              <value>
                <![CDATA["Handling Ds Algo Portal Page"]]>
              </value>
            </param>
          </params>
          <reporter-output>
          </reporter-output>
        </test-method> <!-- runScenario -->
        <test-method signature="runScenario(io.cucumber.testng.PickleWrapper,io.cucumber.testng.FeatureWrapper)[pri:0, instance:runner.testRunner@7a675056]" started-at="2023-11-27T10:52:29 CST" name="runScenario" description="Runs Cucumber Scenarios" data-provider="scenarios" finished-at="2023-11-27T10:52:30 CST" duration-ms="471" status="PASS">
          <params>
            <param index="0">
              <value>
                <![CDATA["The user open Data Structures Option5"]]>
              </value>
            </param>
            <param index="1">
              <value>
                <![CDATA["Handling Ds Algo Portal Page"]]>
              </value>
            </param>
          </params>
          <reporter-output>
          </reporter-output>
        </test-method> <!-- runScenario -->
        <test-method signature="runScenario(io.cucumber.testng.PickleWrapper,io.cucumber.testng.FeatureWrapper)[pri:0, instance:runner.testRunner@7a675056]" started-at="2023-11-27T10:52:30 CST" name="runScenario" description="Runs Cucumber Scenarios" data-provider="scenarios" finished-at="2023-11-27T10:52:30 CST" duration-ms="589" status="PASS">
          <params>
            <param index="0">
              <value>
                <![CDATA["The user open Data Structures Option6"]]>
              </value>
            </param>
            <param index="1">
              <value>
                <![CDATA["Handling Ds Algo Portal Page"]]>
              </value>
            </param>
          </params>
          <reporter-output>
          </reporter-output>
        </test-method> <!-- runScenario -->
        <test-method signature="runScenario(io.cucumber.testng.PickleWrapper,io.cucumber.testng.FeatureWrapper)[pri:0, instance:runner.testRunner@7a675056]" started-at="2023-11-27T10:52:30 CST" name="runScenario" description="Runs Cucumber Scenarios" data-provider="scenarios" finished-at="2023-11-27T10:52:33 CST" duration-ms="2326" status="PASS">
          <params>
            <param index="0">
              <value>
                <![CDATA["clicks of the Get Started button data structures"]]>
              </value>
            </param>
            <param index="1">
              <value>
                <![CDATA["Title of home page Get Started Clicks"]]>
              </value>
            </param>
          </params>
          <reporter-output>
          </reporter-output>
        </test-method> <!-- runScenario -->
        <test-method signature="runScenario(io.cucumber.testng.PickleWrapper,io.cucumber.testng.FeatureWrapper)[pri:0, instance:runner.testRunner@7a675056]" started-at="2023-11-27T10:52:33 CST" name="runScenario" description="Runs Cucumber Scenarios" data-provider="scenarios" finished-at="2023-11-27T10:52:33 CST" duration-ms="518" status="PASS">
          <params>
            <param index="0">
              <value>
                <![CDATA["clicks of the Get Started button Linked List"]]>
              </value>
            </param>
            <param index="1">
              <value>
                <![CDATA["Title of home page Get Started Clicks"]]>
              </value>
            </param>
          </params>
          <reporter-output>
          </reporter-output>
        </test-method> <!-- runScenario -->
        <test-method signature="runScenario(io.cucumber.testng.PickleWrapper,io.cucumber.testng.FeatureWrapper)[pri:0, instance:runner.testRunner@7a675056]" started-at="2023-11-27T10:52:33 CST" name="runScenario" description="Runs Cucumber Scenarios" data-provider="scenarios" finished-at="2023-11-27T10:52:34 CST" duration-ms="490" status="PASS">
          <params>
            <param index="0">
              <value>
                <![CDATA["clicks of the Get Started button Stack"]]>
              </value>
            </param>
            <param index="1">
              <value>
                <![CDATA["Title of home page Get Started Clicks"]]>
              </value>
            </param>
          </params>
          <reporter-output>
          </reporter-output>
        </test-method> <!-- runScenario -->
        <test-method signature="runScenario(io.cucumber.testng.PickleWrapper,io.cucumber.testng.FeatureWrapper)[pri:0, instance:runner.testRunner@7a675056]" started-at="2023-11-27T10:52:34 CST" name="runScenario" description="Runs Cucumber Scenarios" data-provider="scenarios" finished-at="2023-11-27T10:52:34 CST" duration-ms="482" status="PASS">
          <params>
            <param index="0">
              <value>
                <![CDATA["clicks of the Get Started button Array"]]>
              </value>
            </param>
            <param index="1">
              <value>
                <![CDATA["Title of home page Get Started Clicks"]]>
              </value>
            </param>
          </params>
          <reporter-output>
          </reporter-output>
        </test-method> <!-- runScenario -->
        <test-method signature="runScenario(io.cucumber.testng.PickleWrapper,io.cucumber.testng.FeatureWrapper)[pri:0, instance:runner.testRunner@7a675056]" started-at="2023-11-27T10:52:34 CST" name="runScenario" description="Runs Cucumber Scenarios" data-provider="scenarios" finished-at="2023-11-27T10:52:35 CST" duration-ms="510" status="PASS">
          <params>
            <param index="0">
              <value>
                <![CDATA["clicks of the Get Started button Queue"]]>
              </value>
            </param>
            <param index="1">
              <value>
                <![CDATA["Title of home page Get Started Clicks"]]>
              </value>
            </param>
          </params>
          <reporter-output>
          </reporter-output>
        </test-method> <!-- runScenario -->
        <test-method signature="runScenario(io.cucumber.testng.PickleWrapper,io.cucumber.testng.FeatureWrapper)[pri:0, instance:runner.testRunner@7a675056]" started-at="2023-11-27T10:52:35 CST" name="runScenario" description="Runs Cucumber Scenarios" data-provider="scenarios" finished-at="2023-11-27T10:52:35 CST" duration-ms="482" status="PASS">
          <params>
            <param index="0">
              <value>
                <![CDATA["clicks of the Get Started button Tree"]]>
              </value>
            </param>
            <param index="1">
              <value>
                <![CDATA["Title of home page Get Started Clicks"]]>
              </value>
            </param>
          </params>
          <reporter-output>
          </reporter-output>
        </test-method> <!-- runScenario -->
        <test-method signature="runScenario(io.cucumber.testng.PickleWrapper,io.cucumber.testng.FeatureWrapper)[pri:0, instance:runner.testRunner@7a675056]" started-at="2023-11-27T10:52:35 CST" name="runScenario" description="Runs Cucumber Scenarios" data-provider="scenarios" finished-at="2023-11-27T10:52:36 CST" duration-ms="657" status="PASS">
          <params>
            <param index="0">
              <value>
                <![CDATA["clicks of the Get Started button Graph"]]>
              </value>
            </param>
            <param index="1">
              <value>
                <![CDATA["Title of home page Get Started Clicks"]]>
              </value>
            </param>
          </params>
          <reporter-output>
          </reporter-output>
        </test-method> <!-- runScenario -->
        <test-method signature="runScenario(io.cucumber.testng.PickleWrapper,io.cucumber.testng.FeatureWrapper)[pri:0, instance:runner.testRunner@7a675056]" started-at="2023-11-27T10:52:36 CST" name="runScenario" description="Runs Cucumber Scenarios" data-provider="scenarios" finished-at="2023-11-27T10:52:39 CST" duration-ms="3586" status="PASS">
          <params>
            <param index="0">
              <value>
                <![CDATA["User clicks gets into stack page"]]>
              </value>
            </param>
            <param index="1">
              <value>
                <![CDATA["Handling stack options"]]>
              </value>
            </param>
          </params>
          <reporter-output>
          </reporter-output>
        </test-method> <!-- runScenario -->
        <test-method signature="runScenario(io.cucumber.testng.PickleWrapper,io.cucumber.testng.FeatureWrapper)[pri:0, instance:runner.testRunner@7a675056]" started-at="2023-11-27T10:52:39 CST" name="runScenario" description="Runs Cucumber Scenarios" data-provider="scenarios" finished-at="2023-11-27T10:52:41 CST" duration-ms="1059" status="PASS">
          <params>
            <param index="0">
              <value>
                <![CDATA["User on operation in stack page"]]>
              </value>
            </param>
            <param index="1">
              <value>
                <![CDATA["Handling stack options"]]>
              </value>
            </param>
          </params>
          <reporter-output>
          </reporter-output>
        </test-method> <!-- runScenario -->
        <test-method signature="runScenario(io.cucumber.testng.PickleWrapper,io.cucumber.testng.FeatureWrapper)[pri:0, instance:runner.testRunner@7a675056]" started-at="2023-11-27T10:52:41 CST" name="runScenario" description="Runs Cucumber Scenarios" data-provider="scenarios" finished-at="2023-11-27T10:52:42 CST" duration-ms="1297" status="PASS">
          <params>
            <param index="0">
              <value>
                <![CDATA["User redirected to try me page to run invalid code"]]>
              </value>
            </param>
            <param index="1">
              <value>
                <![CDATA["Handling stack options"]]>
              </value>
            </param>
          </params>
          <reporter-output>
          </reporter-output>
        </test-method> <!-- runScenario -->
        <test-method signature="runScenario(io.cucumber.testng.PickleWrapper,io.cucumber.testng.FeatureWrapper)[pri:0, instance:runner.testRunner@7a675056]" started-at="2023-11-27T10:52:42 CST" name="runScenario" description="Runs Cucumber Scenarios" data-provider="scenarios" finished-at="2023-11-27T10:52:43 CST" duration-ms="1035" status="PASS">
          <params>
            <param index="0">
              <value>
                <![CDATA["User redirected to try me page to run python code"]]>
              </value>
            </param>
            <param index="1">
              <value>
                <![CDATA["Handling stack options"]]>
              </value>
            </param>
          </params>
          <reporter-output>
          </reporter-output>
        </test-method> <!-- runScenario -->
        <test-method signature="runScenario(io.cucumber.testng.PickleWrapper,io.cucumber.testng.FeatureWrapper)[pri:0, instance:runner.testRunner@7a675056]" started-at="2023-11-27T10:52:43 CST" name="runScenario" description="Runs Cucumber Scenarios" data-provider="scenarios" finished-at="2023-11-27T10:52:43 CST" duration-ms="550" status="PASS">
          <params>
            <param index="0">
              <value>
                <![CDATA["The user back to Stack page"]]>
              </value>
            </param>
            <param index="1">
              <value>
                <![CDATA["Handling stack options"]]>
              </value>
            </param>
          </params>
          <reporter-output>
          </reporter-output>
        </test-method> <!-- runScenario -->
        <test-method signature="runScenario(io.cucumber.testng.PickleWrapper,io.cucumber.testng.FeatureWrapper)[pri:0, instance:runner.testRunner@7a675056]" started-at="2023-11-27T10:52:43 CST" name="runScenario" description="Runs Cucumber Scenarios" data-provider="scenarios" finished-at="2023-11-27T10:52:45 CST" duration-ms="1350" status="PASS">
          <params>
            <param index="0">
              <value>
                <![CDATA["User redirected to try me page to run invalid code"]]>
              </value>
            </param>
            <param index="1">
              <value>
                <![CDATA["Handling stack options"]]>
              </value>
            </param>
          </params>
          <reporter-output>
          </reporter-output>
        </test-method> <!-- runScenario -->
        <test-method signature="runScenario(io.cucumber.testng.PickleWrapper,io.cucumber.testng.FeatureWrapper)[pri:0, instance:runner.testRunner@7a675056]" started-at="2023-11-27T10:52:45 CST" name="runScenario" description="Runs Cucumber Scenarios" data-provider="scenarios" finished-at="2023-11-27T10:52:46 CST" duration-ms="979" status="PASS">
          <params>
            <param index="0">
              <value>
                <![CDATA["User redirected to try me page to run python code"]]>
              </value>
            </param>
            <param index="1">
              <value>
                <![CDATA["Handling stack options"]]>
              </value>
            </param>
          </params>
          <reporter-output>
          </reporter-output>
        </test-method> <!-- runScenario -->
        <test-method signature="runScenario(io.cucumber.testng.PickleWrapper,io.cucumber.testng.FeatureWrapper)[pri:0, instance:runner.testRunner@7a675056]" started-at="2023-11-27T10:52:46 CST" name="runScenario" description="Runs Cucumber Scenarios" data-provider="scenarios" finished-at="2023-11-27T10:52:46 CST" duration-ms="528" status="PASS">
          <params>
            <param index="0">
              <value>
                <![CDATA["The user again back to Stack page"]]>
              </value>
            </param>
            <param index="1">
              <value>
                <![CDATA["Handling stack options"]]>
              </value>
            </param>
          </params>
          <reporter-output>
          </reporter-output>
        </test-method> <!-- runScenario -->
        <test-method signature="runScenario(io.cucumber.testng.PickleWrapper,io.cucumber.testng.FeatureWrapper)[pri:0, instance:runner.testRunner@7a675056]" started-at="2023-11-27T10:52:46 CST" name="runScenario" description="Runs Cucumber Scenarios" data-provider="scenarios" finished-at="2023-11-27T10:52:48 CST" duration-ms="1320" status="PASS">
          <params>
            <param index="0">
              <value>
                <![CDATA["User redirected to try me page to run invalid code"]]>
              </value>
            </param>
            <param index="1">
              <value>
                <![CDATA["Handling stack options"]]>
              </value>
            </param>
          </params>
          <reporter-output>
          </reporter-output>
        </test-method> <!-- runScenario -->
        <test-method signature="runScenario(io.cucumber.testng.PickleWrapper,io.cucumber.testng.FeatureWrapper)[pri:0, instance:runner.testRunner@7a675056]" started-at="2023-11-27T10:52:48 CST" name="runScenario" description="Runs Cucumber Scenarios" data-provider="scenarios" finished-at="2023-11-27T10:52:49 CST" duration-ms="986" status="PASS">
          <params>
            <param index="0">
              <value>
                <![CDATA["User redirected to try me page to run python code"]]>
              </value>
            </param>
            <param index="1">
              <value>
                <![CDATA["Handling stack options"]]>
              </value>
            </param>
          </params>
          <reporter-output>
          </reporter-output>
        </test-method> <!-- runScenario -->
        <test-method signature="runScenario(io.cucumber.testng.PickleWrapper,io.cucumber.testng.FeatureWrapper)[pri:0, instance:runner.testRunner@7a675056]" started-at="2023-11-27T10:52:49 CST" name="runScenario" description="Runs Cucumber Scenarios" data-provider="scenarios" finished-at="2023-11-27T10:52:49 CST" duration-ms="442" status="PASS">
          <params>
            <param index="0">
              <value>
                <![CDATA["The user again Stack page"]]>
              </value>
            </param>
            <param index="1">
              <value>
                <![CDATA["Handling stack options"]]>
              </value>
            </param>
          </params>
          <reporter-output>
          </reporter-output>
        </test-method> <!-- runScenario -->
        <test-method signature="runScenario(io.cucumber.testng.PickleWrapper,io.cucumber.testng.FeatureWrapper)[pri:0, instance:runner.testRunner@7a675056]" started-at="2023-11-27T10:52:49 CST" name="runScenario" description="Runs Cucumber Scenarios" data-provider="scenarios" finished-at="2023-11-27T10:52:53 CST" duration-ms="3555" status="PASS">
          <params>
            <param index="0">
              <value>
                <![CDATA["User clicks gets into Tree page"]]>
              </value>
            </param>
            <param index="1">
              <value>
                <![CDATA["Handling Tree options"]]>
              </value>
            </param>
          </params>
          <reporter-output>
          </reporter-output>
        </test-method> <!-- runScenario -->
        <test-method signature="runScenario(io.cucumber.testng.PickleWrapper,io.cucumber.testng.FeatureWrapper)[pri:0, instance:runner.testRunner@7a675056]" started-at="2023-11-27T10:52:53 CST" name="runScenario" description="Runs Cucumber Scenarios" data-provider="scenarios" finished-at="2023-11-27T10:52:54 CST" duration-ms="1003" status="PASS">
          <params>
            <param index="0">
              <value>
                <![CDATA["User is on Tree page for clicks on Overview of Trees"]]>
              </value>
            </param>
            <param index="1">
              <value>
                <![CDATA["Handling Tree options"]]>
              </value>
            </param>
          </params>
          <reporter-output>
          </reporter-output>
        </test-method> <!-- runScenario -->
        <test-method signature="runScenario(io.cucumber.testng.PickleWrapper,io.cucumber.testng.FeatureWrapper)[pri:0, instance:runner.testRunner@7a675056]" started-at="2023-11-27T10:52:54 CST" name="runScenario" description="Runs Cucumber Scenarios" data-provider="scenarios" finished-at="2023-11-27T10:52:55 CST" duration-ms="1348" status="PASS">
          <params>
            <param index="0">
              <value>
                <![CDATA["Tree User redirected to try me page to run invalid code"]]>
              </value>
            </param>
            <param index="1">
              <value>
                <![CDATA["Handling Tree options"]]>
              </value>
            </param>
          </params>
          <reporter-output>
          </reporter-output>
        </test-method> <!-- runScenario -->
        <test-method signature="runScenario(io.cucumber.testng.PickleWrapper,io.cucumber.testng.FeatureWrapper)[pri:0, instance:runner.testRunner@7a675056]" started-at="2023-11-27T10:52:55 CST" name="runScenario" description="Runs Cucumber Scenarios" data-provider="scenarios" finished-at="2023-11-27T10:52:56 CST" duration-ms="1052" status="PASS">
          <params>
            <param index="0">
              <value>
                <![CDATA["Tree User redirected to try me page to run python code"]]>
              </value>
            </param>
            <param index="1">
              <value>
                <![CDATA["Handling Tree options"]]>
              </value>
            </param>
          </params>
          <reporter-output>
          </reporter-output>
        </test-method> <!-- runScenario -->
        <test-method signature="runScenario(io.cucumber.testng.PickleWrapper,io.cucumber.testng.FeatureWrapper)[pri:0, instance:runner.testRunner@7a675056]" started-at="2023-11-27T10:52:56 CST" name="runScenario" description="Runs Cucumber Scenarios" data-provider="scenarios" finished-at="2023-11-27T10:52:57 CST" duration-ms="618" status="PASS">
          <params>
            <param index="0">
              <value>
                <![CDATA["User is back on Tree page for clicks on Terminologies"]]>
              </value>
            </param>
            <param index="1">
              <value>
                <![CDATA["Handling Tree options"]]>
              </value>
            </param>
          </params>
          <reporter-output>
          </reporter-output>
        </test-method> <!-- runScenario -->
        <test-method signature="runScenario(io.cucumber.testng.PickleWrapper,io.cucumber.testng.FeatureWrapper)[pri:0, instance:runner.testRunner@7a675056]" started-at="2023-11-27T10:52:57 CST" name="runScenario" description="Runs Cucumber Scenarios" data-provider="scenarios" finished-at="2023-11-27T10:52:58 CST" duration-ms="1304" status="PASS">
          <params>
            <param index="0">
              <value>
                <![CDATA["Tree User redirected to try me page to run invalid code"]]>
              </value>
            </param>
            <param index="1">
              <value>
                <![CDATA["Handling Tree options"]]>
              </value>
            </param>
          </params>
          <reporter-output>
          </reporter-output>
        </test-method> <!-- runScenario -->
        <test-method signature="runScenario(io.cucumber.testng.PickleWrapper,io.cucumber.testng.FeatureWrapper)[pri:0, instance:runner.testRunner@7a675056]" started-at="2023-11-27T10:52:58 CST" name="runScenario" description="Runs Cucumber Scenarios" data-provider="scenarios" finished-at="2023-11-27T10:52:59 CST" duration-ms="1008" status="PASS">
          <params>
            <param index="0">
              <value>
                <![CDATA["Tree User redirected to try me page to run python code"]]>
              </value>
            </param>
            <param index="1">
              <value>
                <![CDATA["Handling Tree options"]]>
              </value>
            </param>
          </params>
          <reporter-output>
          </reporter-output>
        </test-method> <!-- runScenario -->
        <test-method signature="runScenario(io.cucumber.testng.PickleWrapper,io.cucumber.testng.FeatureWrapper)[pri:0, instance:runner.testRunner@7a675056]" started-at="2023-11-27T10:52:59 CST" name="runScenario" description="Runs Cucumber Scenarios" data-provider="scenarios" finished-at="2023-11-27T10:53:00 CST" duration-ms="660" status="PASS">
          <params>
            <param index="0">
              <value>
                <![CDATA["User is back on Tree page for clicks on Types of Trees"]]>
              </value>
            </param>
            <param index="1">
              <value>
                <![CDATA["Handling Tree options"]]>
              </value>
            </param>
          </params>
          <reporter-output>
          </reporter-output>
        </test-method> <!-- runScenario -->
        <test-method signature="runScenario(io.cucumber.testng.PickleWrapper,io.cucumber.testng.FeatureWrapper)[pri:0, instance:runner.testRunner@7a675056]" started-at="2023-11-27T10:53:00 CST" name="runScenario" description="Runs Cucumber Scenarios" data-provider="scenarios" finished-at="2023-11-27T10:53:01 CST" duration-ms="1314" status="PASS">
          <params>
            <param index="0">
              <value>
                <![CDATA["Tree User redirected to try me page to run invalid code"]]>
              </value>
            </param>
            <param index="1">
              <value>
                <![CDATA["Handling Tree options"]]>
              </value>
            </param>
          </params>
          <reporter-output>
          </reporter-output>
        </test-method> <!-- runScenario -->
        <test-method signature="runScenario(io.cucumber.testng.PickleWrapper,io.cucumber.testng.FeatureWrapper)[pri:0, instance:runner.testRunner@7a675056]" started-at="2023-11-27T10:53:01 CST" name="runScenario" description="Runs Cucumber Scenarios" data-provider="scenarios" finished-at="2023-11-27T10:53:02 CST" duration-ms="1015" status="PASS">
          <params>
            <param index="0">
              <value>
                <![CDATA["Tree User redirected to try me page to run python code"]]>
              </value>
            </param>
            <param index="1">
              <value>
                <![CDATA["Handling Tree options"]]>
              </value>
            </param>
          </params>
          <reporter-output>
          </reporter-output>
        </test-method> <!-- runScenario -->
        <test-method signature="runScenario(io.cucumber.testng.PickleWrapper,io.cucumber.testng.FeatureWrapper)[pri:0, instance:runner.testRunner@7a675056]" started-at="2023-11-27T10:53:02 CST" name="runScenario" description="Runs Cucumber Scenarios" data-provider="scenarios" finished-at="2023-11-27T10:53:03 CST" duration-ms="690" status="PASS">
          <params>
            <param index="0">
              <value>
                <![CDATA["User is back on Tree page for clicks on Tree Traversals"]]>
              </value>
            </param>
            <param index="1">
              <value>
                <![CDATA["Handling Tree options"]]>
              </value>
            </param>
          </params>
          <reporter-output>
          </reporter-output>
        </test-method> <!-- runScenario -->
        <test-method signature="runScenario(io.cucumber.testng.PickleWrapper,io.cucumber.testng.FeatureWrapper)[pri:0, instance:runner.testRunner@7a675056]" started-at="2023-11-27T10:53:03 CST" name="runScenario" description="Runs Cucumber Scenarios" data-provider="scenarios" finished-at="2023-11-27T10:53:04 CST" duration-ms="1308" status="PASS">
          <params>
            <param index="0">
              <value>
                <![CDATA["Tree User redirected to try me page to run invalid code"]]>
              </value>
            </param>
            <param index="1">
              <value>
                <![CDATA["Handling Tree options"]]>
              </value>
            </param>
          </params>
          <reporter-output>
          </reporter-output>
        </test-method> <!-- runScenario -->
        <test-method signature="runScenario(io.cucumber.testng.PickleWrapper,io.cucumber.testng.FeatureWrapper)[pri:0, instance:runner.testRunner@7a675056]" started-at="2023-11-27T10:53:04 CST" name="runScenario" description="Runs Cucumber Scenarios" data-provider="scenarios" finished-at="2023-11-27T10:53:05 CST" duration-ms="1022" status="PASS">
          <params>
            <param index="0">
              <value>
                <![CDATA["Tree User redirected to try me page to run python code"]]>
              </value>
            </param>
            <param index="1">
              <value>
                <![CDATA["Handling Tree options"]]>
              </value>
            </param>
          </params>
          <reporter-output>
          </reporter-output>
        </test-method> <!-- runScenario -->
        <test-method signature="runScenario(io.cucumber.testng.PickleWrapper,io.cucumber.testng.FeatureWrapper)[pri:0, instance:runner.testRunner@7a675056]" started-at="2023-11-27T10:53:05 CST" name="runScenario" description="Runs Cucumber Scenarios" data-provider="scenarios" finished-at="2023-11-27T10:53:06 CST" duration-ms="691" status="PASS">
          <params>
            <param index="0">
              <value>
                <![CDATA["User is back on Tree page for clicks on Traversals-Illustration"]]>
              </value>
            </param>
            <param index="1">
              <value>
                <![CDATA["Handling Tree options"]]>
              </value>
            </param>
          </params>
          <reporter-output>
          </reporter-output>
        </test-method> <!-- runScenario -->
        <test-method signature="runScenario(io.cucumber.testng.PickleWrapper,io.cucumber.testng.FeatureWrapper)[pri:0, instance:runner.testRunner@7a675056]" started-at="2023-11-27T10:53:06 CST" name="runScenario" description="Runs Cucumber Scenarios" data-provider="scenarios" finished-at="2023-11-27T10:53:07 CST" duration-ms="1290" status="PASS">
          <params>
            <param index="0">
              <value>
                <![CDATA["Tree User redirected to try me page to run invalid code"]]>
              </value>
            </param>
            <param index="1">
              <value>
                <![CDATA["Handling Tree options"]]>
              </value>
            </param>
          </params>
          <reporter-output>
          </reporter-output>
        </test-method> <!-- runScenario -->
        <test-method signature="runScenario(io.cucumber.testng.PickleWrapper,io.cucumber.testng.FeatureWrapper)[pri:0, instance:runner.testRunner@7a675056]" started-at="2023-11-27T10:53:07 CST" name="runScenario" description="Runs Cucumber Scenarios" data-provider="scenarios" finished-at="2023-11-27T10:53:08 CST" duration-ms="1044" status="PASS">
          <params>
            <param index="0">
              <value>
                <![CDATA["Tree User redirected to try me page to run python code"]]>
              </value>
            </param>
            <param index="1">
              <value>
                <![CDATA["Handling Tree options"]]>
              </value>
            </param>
          </params>
          <reporter-output>
          </reporter-output>
        </test-method> <!-- runScenario -->
        <test-method signature="runScenario(io.cucumber.testng.PickleWrapper,io.cucumber.testng.FeatureWrapper)[pri:0, instance:runner.testRunner@7a675056]" started-at="2023-11-27T10:53:08 CST" name="runScenario" description="Runs Cucumber Scenarios" data-provider="scenarios" finished-at="2023-11-27T10:53:09 CST" duration-ms="726" status="PASS">
          <params>
            <param index="0">
              <value>
                <![CDATA["User is back on Tree page for clicks on Binary Trees"]]>
              </value>
            </param>
            <param index="1">
              <value>
                <![CDATA["Handling Tree options"]]>
              </value>
            </param>
          </params>
          <reporter-output>
          </reporter-output>
        </test-method> <!-- runScenario -->
        <test-method signature="runScenario(io.cucumber.testng.PickleWrapper,io.cucumber.testng.FeatureWrapper)[pri:0, instance:runner.testRunner@7a675056]" started-at="2023-11-27T10:53:09 CST" name="runScenario" description="Runs Cucumber Scenarios" data-provider="scenarios" finished-at="2023-11-27T10:53:10 CST" duration-ms="1285" status="PASS">
          <params>
            <param index="0">
              <value>
                <![CDATA["Tree User redirected to try me page to run invalid code"]]>
              </value>
            </param>
            <param index="1">
              <value>
                <![CDATA["Handling Tree options"]]>
              </value>
            </param>
          </params>
          <reporter-output>
          </reporter-output>
        </test-method> <!-- runScenario -->
        <test-method signature="runScenario(io.cucumber.testng.PickleWrapper,io.cucumber.testng.FeatureWrapper)[pri:0, instance:runner.testRunner@7a675056]" started-at="2023-11-27T10:53:10 CST" name="runScenario" description="Runs Cucumber Scenarios" data-provider="scenarios" finished-at="2023-11-27T10:53:11 CST" duration-ms="1048" status="PASS">
          <params>
            <param index="0">
              <value>
                <![CDATA["Tree User redirected to try me page to run python code"]]>
              </value>
            </param>
            <param index="1">
              <value>
                <![CDATA["Handling Tree options"]]>
              </value>
            </param>
          </params>
          <reporter-output>
          </reporter-output>
        </test-method> <!-- runScenario -->
        <test-method signature="runScenario(io.cucumber.testng.PickleWrapper,io.cucumber.testng.FeatureWrapper)[pri:0, instance:runner.testRunner@7a675056]" started-at="2023-11-27T10:53:11 CST" name="runScenario" description="Runs Cucumber Scenarios" data-provider="scenarios" finished-at="2023-11-27T10:53:12 CST" duration-ms="769" status="PASS">
          <params>
            <param index="0">
              <value>
                <![CDATA["User is back on Tree page for clicks on Types of Binary Trees"]]>
              </value>
            </param>
            <param index="1">
              <value>
                <![CDATA["Handling Tree options"]]>
              </value>
            </param>
          </params>
          <reporter-output>
          </reporter-output>
        </test-method> <!-- runScenario -->
        <test-method signature="runScenario(io.cucumber.testng.PickleWrapper,io.cucumber.testng.FeatureWrapper)[pri:0, instance:runner.testRunner@7a675056]" started-at="2023-11-27T10:53:12 CST" name="runScenario" description="Runs Cucumber Scenarios" data-provider="scenarios" finished-at="2023-11-27T10:53:13 CST" duration-ms="1336" status="PASS">
          <params>
            <param index="0">
              <value>
                <![CDATA["Tree User redirected to try me page to run invalid code"]]>
              </value>
            </param>
            <param index="1">
              <value>
                <![CDATA["Handling Tree options"]]>
              </value>
            </param>
          </params>
          <reporter-output>
          </reporter-output>
        </test-method> <!-- runScenario -->
        <test-method signature="runScenario(io.cucumber.testng.PickleWrapper,io.cucumber.testng.FeatureWrapper)[pri:0, instance:runner.testRunner@7a675056]" started-at="2023-11-27T10:53:13 CST" name="runScenario" description="Runs Cucumber Scenarios" data-provider="scenarios" finished-at="2023-11-27T10:53:14 CST" duration-ms="1045" status="PASS">
          <params>
            <param index="0">
              <value>
                <![CDATA["Tree User redirected to try me page to run python code"]]>
              </value>
            </param>
            <param index="1">
              <value>
                <![CDATA["Handling Tree options"]]>
              </value>
            </param>
          </params>
          <reporter-output>
          </reporter-output>
        </test-method> <!-- runScenario -->
        <test-method signature="runScenario(io.cucumber.testng.PickleWrapper,io.cucumber.testng.FeatureWrapper)[pri:0, instance:runner.testRunner@7a675056]" started-at="2023-11-27T10:53:14 CST" name="runScenario" description="Runs Cucumber Scenarios" data-provider="scenarios" finished-at="2023-11-27T10:53:15 CST" duration-ms="616" status="PASS">
          <params>
            <param index="0">
              <value>
                <![CDATA["User is back on Tree page for clicks on Implementation in Python"]]>
              </value>
            </param>
            <param index="1">
              <value>
                <![CDATA["Handling Tree options"]]>
              </value>
            </param>
          </params>
          <reporter-output>
          </reporter-output>
        </test-method> <!-- runScenario -->
        <test-method signature="runScenario(io.cucumber.testng.PickleWrapper,io.cucumber.testng.FeatureWrapper)[pri:0, instance:runner.testRunner@7a675056]" started-at="2023-11-27T10:53:15 CST" name="runScenario" description="Runs Cucumber Scenarios" data-provider="scenarios" finished-at="2023-11-27T10:53:16 CST" duration-ms="1312" status="PASS">
          <params>
            <param index="0">
              <value>
                <![CDATA["Tree User redirected to try me page to run invalid code"]]>
              </value>
            </param>
            <param index="1">
              <value>
                <![CDATA["Handling Tree options"]]>
              </value>
            </param>
          </params>
          <reporter-output>
          </reporter-output>
        </test-method> <!-- runScenario -->
        <test-method signature="runScenario(io.cucumber.testng.PickleWrapper,io.cucumber.testng.FeatureWrapper)[pri:0, instance:runner.testRunner@7a675056]" started-at="2023-11-27T10:53:16 CST" name="runScenario" description="Runs Cucumber Scenarios" data-provider="scenarios" finished-at="2023-11-27T10:53:17 CST" duration-ms="1039" status="PASS">
          <params>
            <param index="0">
              <value>
                <![CDATA["Tree User redirected to try me page to run python code"]]>
              </value>
            </param>
            <param index="1">
              <value>
                <![CDATA["Handling Tree options"]]>
              </value>
            </param>
          </params>
          <reporter-output>
          </reporter-output>
        </test-method> <!-- runScenario -->
        <test-method signature="runScenario(io.cucumber.testng.PickleWrapper,io.cucumber.testng.FeatureWrapper)[pri:0, instance:runner.testRunner@7a675056]" started-at="2023-11-27T10:53:17 CST" name="runScenario" description="Runs Cucumber Scenarios" data-provider="scenarios" finished-at="2023-11-27T10:53:18 CST" duration-ms="656" status="PASS">
          <params>
            <param index="0">
              <value>
                <![CDATA["User is back on Tree page for clicks on Binary Tree Traversals"]]>
              </value>
            </param>
            <param index="1">
              <value>
                <![CDATA["Handling Tree options"]]>
              </value>
            </param>
          </params>
          <reporter-output>
          </reporter-output>
        </test-method> <!-- runScenario -->
        <test-method signature="runScenario(io.cucumber.testng.PickleWrapper,io.cucumber.testng.FeatureWrapper)[pri:0, instance:runner.testRunner@7a675056]" started-at="2023-11-27T10:53:18 CST" name="runScenario" description="Runs Cucumber Scenarios" data-provider="scenarios" finished-at="2023-11-27T10:53:19 CST" duration-ms="1325" status="PASS">
          <params>
            <param index="0">
              <value>
                <![CDATA["Tree User redirected to try me page to run invalid code"]]>
              </value>
            </param>
            <param index="1">
              <value>
                <![CDATA["Handling Tree options"]]>
              </value>
            </param>
          </params>
          <reporter-output>
          </reporter-output>
        </test-method> <!-- runScenario -->
        <test-method signature="runScenario(io.cucumber.testng.PickleWrapper,io.cucumber.testng.FeatureWrapper)[pri:0, instance:runner.testRunner@7a675056]" started-at="2023-11-27T10:53:19 CST" name="runScenario" description="Runs Cucumber Scenarios" data-provider="scenarios" finished-at="2023-11-27T10:53:20 CST" duration-ms="1008" status="PASS">
          <params>
            <param index="0">
              <value>
                <![CDATA["Tree User redirected to try me page to run python code"]]>
              </value>
            </param>
            <param index="1">
              <value>
                <![CDATA["Handling Tree options"]]>
              </value>
            </param>
          </params>
          <reporter-output>
          </reporter-output>
        </test-method> <!-- runScenario -->
        <test-method signature="runScenario(io.cucumber.testng.PickleWrapper,io.cucumber.testng.FeatureWrapper)[pri:0, instance:runner.testRunner@7a675056]" started-at="2023-11-27T10:53:20 CST" name="runScenario" description="Runs Cucumber Scenarios" data-provider="scenarios" finished-at="2023-11-27T10:53:21 CST" duration-ms="632" status="PASS">
          <params>
            <param index="0">
              <value>
                <![CDATA["User is back on Tree page for clicks on Implementation of Binary Trees"]]>
              </value>
            </param>
            <param index="1">
              <value>
                <![CDATA["Handling Tree options"]]>
              </value>
            </param>
          </params>
          <reporter-output>
          </reporter-output>
        </test-method> <!-- runScenario -->
        <test-method signature="runScenario(io.cucumber.testng.PickleWrapper,io.cucumber.testng.FeatureWrapper)[pri:0, instance:runner.testRunner@7a675056]" started-at="2023-11-27T10:53:21 CST" name="runScenario" description="Runs Cucumber Scenarios" data-provider="scenarios" finished-at="2023-11-27T10:53:22 CST" duration-ms="1313" status="PASS">
          <params>
            <param index="0">
              <value>
                <![CDATA["Tree User redirected to try me page to run invalid code"]]>
              </value>
            </param>
            <param index="1">
              <value>
                <![CDATA["Handling Tree options"]]>
              </value>
            </param>
          </params>
          <reporter-output>
          </reporter-output>
        </test-method> <!-- runScenario -->
        <test-method signature="runScenario(io.cucumber.testng.PickleWrapper,io.cucumber.testng.FeatureWrapper)[pri:0, instance:runner.testRunner@7a675056]" started-at="2023-11-27T10:53:22 CST" name="runScenario" description="Runs Cucumber Scenarios" data-provider="scenarios" finished-at="2023-11-27T10:53:23 CST" duration-ms="1021" status="PASS">
          <params>
            <param index="0">
              <value>
                <![CDATA["Tree User redirected to try me page to run python code"]]>
              </value>
            </param>
            <param index="1">
              <value>
                <![CDATA["Handling Tree options"]]>
              </value>
            </param>
          </params>
          <reporter-output>
          </reporter-output>
        </test-method> <!-- runScenario -->
        <test-method signature="runScenario(io.cucumber.testng.PickleWrapper,io.cucumber.testng.FeatureWrapper)[pri:0, instance:runner.testRunner@7a675056]" started-at="2023-11-27T10:53:23 CST" name="runScenario" description="Runs Cucumber Scenarios" data-provider="scenarios" finished-at="2023-11-27T10:53:24 CST" duration-ms="669" status="PASS">
          <params>
            <param index="0">
              <value>
                <![CDATA["User is back on Tree page for clicks on Applications of Binary trees"]]>
              </value>
            </param>
            <param index="1">
              <value>
                <![CDATA["Handling Tree options"]]>
              </value>
            </param>
          </params>
          <reporter-output>
          </reporter-output>
        </test-method> <!-- runScenario -->
        <test-method signature="runScenario(io.cucumber.testng.PickleWrapper,io.cucumber.testng.FeatureWrapper)[pri:0, instance:runner.testRunner@7a675056]" started-at="2023-11-27T10:53:24 CST" name="runScenario" description="Runs Cucumber Scenarios" data-provider="scenarios" finished-at="2023-11-27T10:53:25 CST" duration-ms="1286" status="PASS">
          <params>
            <param index="0">
              <value>
                <![CDATA["Tree User redirected to try me page to run invalid code"]]>
              </value>
            </param>
            <param index="1">
              <value>
                <![CDATA["Handling Tree options"]]>
              </value>
            </param>
          </params>
          <reporter-output>
          </reporter-output>
        </test-method> <!-- runScenario -->
        <test-method signature="runScenario(io.cucumber.testng.PickleWrapper,io.cucumber.testng.FeatureWrapper)[pri:0, instance:runner.testRunner@7a675056]" started-at="2023-11-27T10:53:25 CST" name="runScenario" description="Runs Cucumber Scenarios" data-provider="scenarios" finished-at="2023-11-27T10:53:26 CST" duration-ms="1099" status="PASS">
          <params>
            <param index="0">
              <value>
                <![CDATA["Tree User redirected to try me page to run python code"]]>
              </value>
            </param>
            <param index="1">
              <value>
                <![CDATA["Handling Tree options"]]>
              </value>
            </param>
          </params>
          <reporter-output>
          </reporter-output>
        </test-method> <!-- runScenario -->
        <test-method signature="runScenario(io.cucumber.testng.PickleWrapper,io.cucumber.testng.FeatureWrapper)[pri:0, instance:runner.testRunner@7a675056]" started-at="2023-11-27T10:53:26 CST" name="runScenario" description="Runs Cucumber Scenarios" data-provider="scenarios" finished-at="2023-11-27T10:53:27 CST" duration-ms="830" status="PASS">
          <params>
            <param index="0">
              <value>
                <![CDATA["User is back on Tree page for clicks on Binary Search Trees"]]>
              </value>
            </param>
            <param index="1">
              <value>
                <![CDATA["Handling Tree options"]]>
              </value>
            </param>
          </params>
          <reporter-output>
          </reporter-output>
        </test-method> <!-- runScenario -->
        <test-method signature="runScenario(io.cucumber.testng.PickleWrapper,io.cucumber.testng.FeatureWrapper)[pri:0, instance:runner.testRunner@7a675056]" started-at="2023-11-27T10:53:27 CST" name="runScenario" description="Runs Cucumber Scenarios" data-provider="scenarios" finished-at="2023-11-27T10:53:28 CST" duration-ms="1309" status="PASS">
          <params>
            <param index="0">
              <value>
                <![CDATA["Tree User redirected to try me page to run invalid code"]]>
              </value>
            </param>
            <param index="1">
              <value>
                <![CDATA["Handling Tree options"]]>
              </value>
            </param>
          </params>
          <reporter-output>
          </reporter-output>
        </test-method> <!-- runScenario -->
        <test-method signature="runScenario(io.cucumber.testng.PickleWrapper,io.cucumber.testng.FeatureWrapper)[pri:0, instance:runner.testRunner@7a675056]" started-at="2023-11-27T10:53:28 CST" name="runScenario" description="Runs Cucumber Scenarios" data-provider="scenarios" finished-at="2023-11-27T10:53:29 CST" duration-ms="1021" status="PASS">
          <params>
            <param index="0">
              <value>
                <![CDATA["Tree User redirected to try me page to run python code"]]>
              </value>
            </param>
            <param index="1">
              <value>
                <![CDATA["Handling Tree options"]]>
              </value>
            </param>
          </params>
          <reporter-output>
          </reporter-output>
        </test-method> <!-- runScenario -->
        <test-method signature="runScenario(io.cucumber.testng.PickleWrapper,io.cucumber.testng.FeatureWrapper)[pri:0, instance:runner.testRunner@7a675056]" started-at="2023-11-27T10:53:29 CST" name="runScenario" description="Runs Cucumber Scenarios" data-provider="scenarios" finished-at="2023-11-27T10:53:30 CST" duration-ms="568" status="PASS">
          <params>
            <param index="0">
              <value>
                <![CDATA["User is back on Tree page for clicks on Implementation Of BST"]]>
              </value>
            </param>
            <param index="1">
              <value>
                <![CDATA["Handling Tree options"]]>
              </value>
            </param>
          </params>
          <reporter-output>
          </reporter-output>
        </test-method> <!-- runScenario -->
        <test-method signature="runScenario(io.cucumber.testng.PickleWrapper,io.cucumber.testng.FeatureWrapper)[pri:0, instance:runner.testRunner@7a675056]" started-at="2023-11-27T10:53:30 CST" name="runScenario" description="Runs Cucumber Scenarios" data-provider="scenarios" finished-at="2023-11-27T10:53:31 CST" duration-ms="1273" status="PASS">
          <params>
            <param index="0">
              <value>
                <![CDATA["Tree User redirected to try me page to run invalid code"]]>
              </value>
            </param>
            <param index="1">
              <value>
                <![CDATA["Handling Tree options"]]>
              </value>
            </param>
          </params>
          <reporter-output>
          </reporter-output>
        </test-method> <!-- runScenario -->
        <test-method signature="runScenario(io.cucumber.testng.PickleWrapper,io.cucumber.testng.FeatureWrapper)[pri:0, instance:runner.testRunner@7a675056]" started-at="2023-11-27T10:53:31 CST" name="runScenario" description="Runs Cucumber Scenarios" data-provider="scenarios" finished-at="2023-11-27T10:53:32 CST" duration-ms="1031" status="PASS">
          <params>
            <param index="0">
              <value>
                <![CDATA["Tree User redirected to try me page to run python code"]]>
              </value>
            </param>
            <param index="1">
              <value>
                <![CDATA["Handling Tree options"]]>
              </value>
            </param>
          </params>
          <reporter-output>
          </reporter-output>
        </test-method> <!-- runScenario -->
        <test-method signature="runScenario(io.cucumber.testng.PickleWrapper,io.cucumber.testng.FeatureWrapper)[pri:0, instance:runner.testRunner@7a675056]" started-at="2023-11-27T10:53:32 CST" name="runScenario" description="Runs Cucumber Scenarios" data-provider="scenarios" finished-at="2023-11-27T10:53:33 CST" duration-ms="449" status="PASS">
          <params>
            <param index="0">
              <value>
                <![CDATA["User is back on Tree page for clicks on Practice Questions"]]>
              </value>
            </param>
            <param index="1">
              <value>
                <![CDATA["Handling Tree options"]]>
              </value>
            </param>
          </params>
          <reporter-output>
          </reporter-output>
        </test-method> <!-- runScenario -->
        <test-method is-config="true" signature="tearDownClass()[pri:0, instance:runner.testRunner@7a675056]" started-at="2023-11-27T10:53:33 CST" name="tearDownClass" finished-at="2023-11-27T10:53:38 CST" duration-ms="5220" status="PASS">
          <reporter-output>
          </reporter-output>
        </test-method> <!-- tearDownClass -->
      </class> <!-- runner.testRunner -->
    </test> <!-- TestChrome -->
  </suite> <!-- Suite -->
</testng-results>
